(t0): idle running
(t1): New task P2
(t0): Context switch (idle)<->(P2)
(t1): P2 running
(t2): P2 running
(t3): P2 running
(t4): Task P2 goes to sleep until (t5)
(t3): Context switch (P2)<->(idle)
(t4): idle running
(t5): task P2 awake
(t4): Context switch (idle)<->(P2)
(t5): P2 running
(t5): Context switch (P2)<->(idle)
(t6): idle running
(t7): idle running
(t7): Task P4 migrated from CPU 0 to CPU 1 
(t7): Context switch (idle)<->(P4)
(t8): P4 running
(t9): Task P4 goes to sleep until (t10)
(t8): Context switch (P4)<->(idle)
(t9): idle running
(t10): idle running
(t11): idle running
(t12): idle running
(t13): idle running
(t14): idle running
(t15): idle running
(t16): idle running
(t17): idle running
(t18): idle running
(t19): idle running
(t20): idle running
(t21): idle running
(t22): idle running
(t23): idle running
(t24): idle running
(t25): idle running
(t26): idle running
(t27): idle running
(t28): idle running
(t29): idle running
(t30): idle running
(t31): idle running
