(t0): New task P1
(t0): P1 running
(t1): Task P1 goes to sleep until (t6)
(t0): Context switch (P1)<->(idle)
(t1): idle running
(t2): idle running
(t3): New task P4
(t2): Context switch (idle)<->(P4)
(t3): P4 running
(t4): P4 running
(t5): P4 running
(t6): Task P4 goes to sleep until (t8)
(t6): task P1 awake
(t5): Context switch (P4)<->(P1)
(t6): P1 running
(t7): P1 running
(t8): task P4 awake
(t8): P1 running
(t9): P1 running
(t9): Context switch (P1)<->(idle)
(t10): idle running
(t11): idle running
(t12): idle running
(t13): idle running
(t14): idle running
(t15): idle running
(t16): idle running
(t17): idle running
(t18): idle running
(t19): idle running
(t20): idle running
(t21): idle running
(t22): idle running
(t23): idle running
(t24): idle running
(t25): idle running
(t26): idle running
(t27): idle running
(t28): idle running
(t29): idle running
(t30): idle running
