(t0): idle running
(t1): idle running
(t2): idle running
(t3): New task P4
(t2): Context switch (idle)<->(P4)
(t3): P4 running
(t4): P4 running
(t5): P4 running
(t6): Task P4 goes to sleep until (t8)
(t5): Context switch (P4)<->(idle)
(t6): idle running
(t7): idle running
(t8): task P4 awake
(t7): Context switch (idle)<->(P4)
(t8): P4 running
(t9): Task P4 goes to sleep until (t10)
(t8): Context switch (P4)<->(idle)
(t9): idle running
(t10): idle running
(t11): idle running
(t12): idle running
(t13): idle running
(t14): idle running
(t15): idle running
(t16): idle running
(t17): idle running
(t18): idle running
(t19): idle running
(t20): idle running
(t21): idle running
(t22): idle running
(t23): idle running
(t24): idle running
(t25): idle running
(t26): idle running
(t27): idle running
(t28): idle running
(t29): idle running
(t30): idle running
(t31): idle running
(t32): idle running
(t33): idle running
(t34): idle running
(t35): idle running
(t36): idle running
(t37): idle running
(t38): idle running
(t39): idle running
(t40): idle running
(t41): idle running
(t42): idle running
(t43): idle running
(t44): idle running
(t45): idle running
(t46): idle running
(t47): idle running
(t48): idle running
(t49): idle running
==================
P4	3	6	running
P4	6	8	I/O
P4	8	9	running
P4	9	10	I/O
